2023-09-07 15:51:19.798 INFO  com.jiawa.train.member.config.MemberApplication   :51   [32m                  [0;39m Starting MemberApplication using Java 17.0.6 with PID 19384 (D:\zihui\Code\train-12306\train\member\target\classes started by zihui in D:\zihui\Code\train-12306\train)
2023-09-07 15:51:19.802 INFO  com.jiawa.train.member.config.MemberApplication   :634  [32m                  [0;39m No active profile set, falling back to 1 default profile: "default"
2023-09-07 15:51:20.934 INFO  o.s.boot.web.embedded.tomcat.TomcatWebServer      :108  [32m                  [0;39m Tomcat initialized with port(s): 8001 (http)
2023-09-07 15:51:20.935 INFO  org.apache.catalina.core.AprLifecycleListener     :173  [32m                  [0;39m An older version [1.2.36] of the Apache Tomcat Native library is installed, while Tomcat recommends a minimum version of [2.0.5]
2023-09-07 15:51:20.936 INFO  org.apache.catalina.core.AprLifecycleListener     :173  [32m                  [0;39m Loaded Apache Tomcat Native library [1.2.36] using APR version [1.7.2].
2023-09-07 15:51:20.939 INFO  org.apache.catalina.core.AprLifecycleListener     :173  [32m                  [0;39m OpenSSL successfully initialized [OpenSSL 1.1.1t  7 Feb 2023]
2023-09-07 15:51:20.950 INFO  org.apache.coyote.http11.Http11NioProtocol        :173  [32m                  [0;39m Initializing ProtocolHandler ["http-nio-8001"]
2023-09-07 15:51:20.953 INFO  org.apache.catalina.core.StandardService          :173  [32m                  [0;39m Starting service [Tomcat]
2023-09-07 15:51:20.953 INFO  org.apache.catalina.core.StandardEngine           :173  [32m                  [0;39m Starting Servlet engine: [Apache Tomcat/10.1.12]
2023-09-07 15:51:21.078 INFO  o.a.c.c.C.[Tomcat].[localhost].[/member]          :173  [32m                  [0;39m Initializing Spring embedded WebApplicationContext
2023-09-07 15:51:21.079 INFO  o.s.b.w.s.c.ServletWebServerApplicationContext    :291  [32m                  [0;39m Root WebApplicationContext: initialization completed in 1224 ms
2023-09-07 15:51:21.442 INFO  org.apache.coyote.http11.Http11NioProtocol        :173  [32m                  [0;39m Starting ProtocolHandler ["http-nio-8001"]
2023-09-07 15:51:21.466 INFO  o.s.boot.web.embedded.tomcat.TomcatWebServer      :220  [32m                  [0;39m Tomcat started on port(s): 8001 (http) with context path '/member'
2023-09-07 15:51:21.474 INFO  com.jiawa.train.member.config.MemberApplication   :57   [32m                  [0;39m Started MemberApplication in 2.321 seconds (process running for 5.321)
2023-09-07 15:51:21.478 INFO  com.jiawa.train.member.config.MemberApplication   :27   [32m                  [0;39m 启动成功 !! 
2023-09-07 15:51:21.478 INFO  com.jiawa.train.member.config.MemberApplication   :28   [32m                  [0;39m 地址 : 	http://127.0.0.1:8001
2023-09-07 16:29:30.280 INFO  com.jiawa.train.member.config.MemberApplication   :51   [32m                  [0;39m Starting MemberApplication using Java 17.0.6 with PID 15232 (D:\zihui\Code\train-12306\train\member\target\classes started by zihui in D:\zihui\Code\train-12306\train)
2023-09-07 16:29:30.283 INFO  com.jiawa.train.member.config.MemberApplication   :634  [32m                  [0;39m No active profile set, falling back to 1 default profile: "default"
2023-09-07 16:29:31.187 INFO  o.s.boot.web.embedded.tomcat.TomcatWebServer      :108  [32m                  [0;39m Tomcat initialized with port(s): 8001 (http)
2023-09-07 16:29:31.188 INFO  org.apache.catalina.core.AprLifecycleListener     :173  [32m                  [0;39m An older version [1.2.36] of the Apache Tomcat Native library is installed, while Tomcat recommends a minimum version of [2.0.5]
2023-09-07 16:29:31.188 INFO  org.apache.catalina.core.AprLifecycleListener     :173  [32m                  [0;39m Loaded Apache Tomcat Native library [1.2.36] using APR version [1.7.2].
2023-09-07 16:29:31.190 INFO  org.apache.catalina.core.AprLifecycleListener     :173  [32m                  [0;39m OpenSSL successfully initialized [OpenSSL 1.1.1t  7 Feb 2023]
2023-09-07 16:29:31.199 INFO  org.apache.coyote.http11.Http11NioProtocol        :173  [32m                  [0;39m Initializing ProtocolHandler ["http-nio-8001"]
2023-09-07 16:29:31.201 INFO  org.apache.catalina.core.StandardService          :173  [32m                  [0;39m Starting service [Tomcat]
2023-09-07 16:29:31.202 INFO  org.apache.catalina.core.StandardEngine           :173  [32m                  [0;39m Starting Servlet engine: [Apache Tomcat/10.1.12]
2023-09-07 16:29:31.304 INFO  o.a.c.c.C.[Tomcat].[localhost].[/member]          :173  [32m                  [0;39m Initializing Spring embedded WebApplicationContext
2023-09-07 16:29:31.306 INFO  o.s.b.w.s.c.ServletWebServerApplicationContext    :291  [32m                  [0;39m Root WebApplicationContext: initialization completed in 961 ms
2023-09-07 16:29:31.602 INFO  org.apache.coyote.http11.Http11NioProtocol        :173  [32m                  [0;39m Starting ProtocolHandler ["http-nio-8001"]
2023-09-07 16:29:31.623 INFO  o.s.boot.web.embedded.tomcat.TomcatWebServer      :220  [32m                  [0;39m Tomcat started on port(s): 8001 (http) with context path '/member'
2023-09-07 16:29:31.631 INFO  com.jiawa.train.member.config.MemberApplication   :57   [32m                  [0;39m Started MemberApplication in 1.906 seconds (process running for 2.495)
2023-09-07 16:29:31.634 INFO  com.jiawa.train.member.config.MemberApplication   :27   [32m                  [0;39m 启动成功 !! 
2023-09-07 16:29:31.634 INFO  com.jiawa.train.member.config.MemberApplication   :28   [32m                  [0;39m 地址 : 	http://127.0.0.1:8001//member/hello
2023-09-07 16:29:36.021 INFO  o.a.c.c.C.[Tomcat].[localhost].[/member]          :173  [32m                  [0;39m Initializing Spring DispatcherServlet 'dispatcherServlet'
2023-09-07 16:29:36.022 INFO  org.springframework.web.servlet.DispatcherServlet :532  [32m                  [0;39m Initializing Servlet 'dispatcherServlet'
2023-09-07 16:29:36.023 INFO  org.springframework.web.servlet.DispatcherServlet :554  [32m                  [0;39m Completed initialization in 0 ms
2023-09-07 16:29:36.037 ERROR o.a.c.c.C.[.[.[/member].[dispatcherServlet]       :175  [32m                  [0;39m Servlet.service() for servlet [dispatcherServlet] in context with path [/member] threw exception [Request processing failed: java.lang.IllegalArgumentException: Invalid contextPath '/member': must match the start of requestPath: '//member/hello'] with root cause
java.lang.IllegalArgumentException: Invalid contextPath '/member': must match the start of requestPath: '//member/hello'
	at org.springframework.http.server.DefaultRequestPath.validateContextPath(DefaultRequestPath.java:81)
	at org.springframework.http.server.DefaultRequestPath.initContextPath(DefaultRequestPath.java:56)
	at org.springframework.http.server.DefaultRequestPath.<init>(DefaultRequestPath.java:41)
	at org.springframework.http.server.RequestPath.parse(RequestPath.java:79)
	at org.springframework.web.util.ServletRequestPathUtils$ServletRequestPath.parse(ServletRequestPathUtils.java:253)
	at org.springframework.web.util.ServletRequestPathUtils.parseAndCache(ServletRequestPathUtils.java:66)
	at org.springframework.web.servlet.DispatcherServlet.doService(DispatcherServlet.java:970)
	at org.springframework.web.servlet.FrameworkServlet.processRequest(FrameworkServlet.java:1011)
	at org.springframework.web.servlet.FrameworkServlet.doGet(FrameworkServlet.java:903)
	at jakarta.servlet.http.HttpServlet.service(HttpServlet.java:564)
	at org.springframework.web.servlet.FrameworkServlet.service(FrameworkServlet.java:885)
	at jakarta.servlet.http.HttpServlet.service(HttpServlet.java:658)
	at org.apache.catalina.core.ApplicationFilterChain.internalDoFilter(ApplicationFilterChain.java:205)
	at org.apache.catalina.core.ApplicationFilterChain.doFilter(ApplicationFilterChain.java:149)
	at org.apache.tomcat.websocket.server.WsFilter.doFilter(WsFilter.java:51)
	at org.apache.catalina.core.ApplicationFilterChain.internalDoFilter(ApplicationFilterChain.java:174)
	at org.apache.catalina.core.ApplicationFilterChain.doFilter(ApplicationFilterChain.java:149)
	at org.springframework.web.filter.RequestContextFilter.doFilterInternal(RequestContextFilter.java:100)
	at org.springframework.web.filter.OncePerRequestFilter.doFilter(OncePerRequestFilter.java:116)
	at org.apache.catalina.core.ApplicationFilterChain.internalDoFilter(ApplicationFilterChain.java:174)
	at org.apache.catalina.core.ApplicationFilterChain.doFilter(ApplicationFilterChain.java:149)
	at org.springframework.web.filter.FormContentFilter.doFilterInternal(FormContentFilter.java:93)
	at org.springframework.web.filter.OncePerRequestFilter.doFilter(OncePerRequestFilter.java:116)
	at org.apache.catalina.core.ApplicationFilterChain.internalDoFilter(ApplicationFilterChain.java:174)
	at org.apache.catalina.core.ApplicationFilterChain.doFilter(ApplicationFilterChain.java:149)
	at org.springframework.web.filter.CharacterEncodingFilter.doFilterInternal(CharacterEncodingFilter.java:201)
	at org.springframework.web.filter.OncePerRequestFilter.doFilter(OncePerRequestFilter.java:116)
	at org.apache.catalina.core.ApplicationFilterChain.internalDoFilter(ApplicationFilterChain.java:174)
	at org.apache.catalina.core.ApplicationFilterChain.doFilter(ApplicationFilterChain.java:149)
	at org.apache.catalina.core.StandardWrapperValve.invoke(StandardWrapperValve.java:166)
	at org.apache.catalina.core.StandardContextValve.invoke(StandardContextValve.java:90)
	at org.apache.catalina.authenticator.AuthenticatorBase.invoke(AuthenticatorBase.java:482)
	at org.apache.catalina.core.StandardHostValve.invoke(StandardHostValve.java:115)
	at org.apache.catalina.valves.ErrorReportValve.invoke(ErrorReportValve.java:93)
	at org.apache.catalina.core.StandardEngineValve.invoke(StandardEngineValve.java:74)
	at org.apache.catalina.connector.CoyoteAdapter.service(CoyoteAdapter.java:341)
	at org.apache.coyote.http11.Http11Processor.service(Http11Processor.java:391)
	at org.apache.coyote.AbstractProcessorLight.process(AbstractProcessorLight.java:63)
	at org.apache.coyote.AbstractProtocol$ConnectionHandler.process(AbstractProtocol.java:894)
	at org.apache.tomcat.util.net.NioEndpoint$SocketProcessor.doRun(NioEndpoint.java:1740)
	at org.apache.tomcat.util.net.SocketProcessorBase.run(SocketProcessorBase.java:52)
	at org.apache.tomcat.util.threads.ThreadPoolExecutor.runWorker(ThreadPoolExecutor.java:1191)
	at org.apache.tomcat.util.threads.ThreadPoolExecutor$Worker.run(ThreadPoolExecutor.java:659)
	at org.apache.tomcat.util.threads.TaskThread$WrappingRunnable.run(TaskThread.java:61)
	at java.base/java.lang.Thread.run(Thread.java:833)
